<!DOCTYPE html>

<html>
  <head>
  <meta charset='utf-8'>
  <title>TestNG reports</title>

    <link type="text/css" href="testng-reports1.css" rel="stylesheet" id="ultra" />
    <link type="text/css" href="testng-reports.css" rel="stylesheet" id="retro" disabled="false"/>
    <script type="text/javascript" src="jquery-3.4.1.min.js"></script>
    <script type="text/javascript" src="testng-reports.js"></script>
    <script type="text/javascript" src="https://www.google.com/jsapi"></script>
    <script type='text/javascript'>
      google.load('visualization', '1', {packages:['table']});
      google.setOnLoadCallback(drawTable);
      var suiteTableInitFunctions = new Array();
      var suiteTableData = new Array();
    </script>
    <!--
      <script type="text/javascript" src="jquery-ui/js/jquery-ui-1.8.16.custom.min.js"></script>
     -->
  </head>

  <body>
    <div class="top-banner-root">
      <span class="top-banner-title-font">Test results</span>
      <button id="button" class="button">Switch Retro Theme</button> <!-- button -->
      <br/>
      <span class="top-banner-font-1">1 suite</span>
    </div> <!-- top-banner-root -->
    <div class="navigator-root">
      <div class="navigator-suite-header">
        <span>All suites</span>
        <a href="#" title="Collapse/expand all the suites" class="collapse-all-link">
          <img src="collapseall.gif" class="collapse-all-icon">
          </img> <!-- collapse-all-icon -->
        </a> <!-- collapse-all-link -->
      </div> <!-- navigator-suite-header -->
      <div class="suite">
        <div class="rounded-window">
          <div class="suite-header light-rounded-window-top">
            <a href="#" panel-name="suite-FREE_CRM_Application_Test_Automation_Test_Suite" class="navigator-link">
              <span class="suite-name border-skipped">FREE CRM Application Test Automation Test Suite</span>
            </a> <!-- navigator-link -->
          </div> <!-- suite-header light-rounded-window-top -->
          <div class="navigator-suite-content">
            <div class="suite-section-title">
              <span>Info</span>
            </div> <!-- suite-section-title -->
            <div class="suite-section-content">
              <ul>
                <li>
                  <a href="#" panel-name="test-xml-FREE_CRM_Application_Test_Automation_Test_Suite" class="navigator-link ">
                    <span>C:\Framework_Projects\FreeCRM_Project\src\main\resources\testng_regression.xml</span>
                  </a> <!-- navigator-link  -->
                </li>
                <li>
                  <a href="#" panel-name="testlist-FREE_CRM_Application_Test_Automation_Test_Suite" class="navigator-link ">
                    <span class="test-stats">1 test</span>
                  </a> <!-- navigator-link  -->
                </li>
                <li>
                  <a href="#" panel-name="group-FREE_CRM_Application_Test_Automation_Test_Suite" class="navigator-link ">
                    <span>0 groups</span>
                  </a> <!-- navigator-link  -->
                </li>
                <li>
                  <a href="#" panel-name="times-FREE_CRM_Application_Test_Automation_Test_Suite" class="navigator-link ">
                    <span>Times</span>
                  </a> <!-- navigator-link  -->
                </li>
                <li>
                  <a href="#" panel-name="reporter-FREE_CRM_Application_Test_Automation_Test_Suite" class="navigator-link ">
                    <span>Reporter output</span>
                  </a> <!-- navigator-link  -->
                </li>
                <li>
                  <a href="#" panel-name="ignored-methods-FREE_CRM_Application_Test_Automation_Test_Suite" class="navigator-link ">
                    <span>Ignored methods</span>
                  </a> <!-- navigator-link  -->
                </li>
                <li>
                  <a href="#" panel-name="chronological-FREE_CRM_Application_Test_Automation_Test_Suite" class="navigator-link ">
                    <span>Chronological view</span>
                  </a> <!-- navigator-link  -->
                </li>
              </ul>
            </div> <!-- suite-section-content -->
            <div class="result-section">
              <div class="suite-section-title">
                <span>Results</span>
              </div> <!-- suite-section-title -->
              <div class="suite-section-content">
                <ul>
                  <li>
                    <span class="method-stats">19 methods,  7 skipped,  12 passed</span>
                  </li>
                  <li>
                    <span class="method-list-title skipped">Skipped methods</span>
                    <span class="show-or-hide-methods skipped">
                      <a href="#" panel-name="suite-FREE_CRM_Application_Test_Automation_Test_Suite" class="hide-methods skipped suite-FREE_CRM_Application_Test_Automation_Test_Suite"> (hide)</a> <!-- hide-methods skipped suite-FREE_CRM_Application_Test_Automation_Test_Suite -->
                      <a href="#" panel-name="suite-FREE_CRM_Application_Test_Automation_Test_Suite" class="show-methods skipped suite-FREE_CRM_Application_Test_Automation_Test_Suite"> (show)</a> <!-- show-methods skipped suite-FREE_CRM_Application_Test_Automation_Test_Suite -->
                    </span>
                    <div class="method-list-content skipped suite-FREE_CRM_Application_Test_Automation_Test_Suite">
                      <span>
                        <img src="skipped.png" width="3%"/>
                        <a href="#" panel-name="suite-FREE_CRM_Application_Test_Automation_Test_Suite" title="com.qa.testCase.ContactsPageTest" class="method navigator-link" hash-for-method="newContactsDetailsTest(Hameed , PB, hameed@gmail.com, Amulya Street, Ernakulam, Kerala, 123456.0, India)">newContactsDetailsTest(Hameed , PB, hameed@gmail.com, Amulya Street, Ernakulam, Kerala, 123456.0, India)</a> <!-- method navigator-link -->
                      </span>
                      <br/>
                      <span>
                        <img src="skipped.png" width="3%"/>
                        <a href="#" panel-name="suite-FREE_CRM_Application_Test_Automation_Test_Suite" title="com.qa.testCase.ContactsPageTest" class="method navigator-link" hash-for-method="newContactsDetailsTest(Thasni, Hameed, thasnihameed08@gmail.com, Amulya Street, Ernakulam, Kerala, 123456.0, India)">newContactsDetailsTest(Thasni, Hameed, thasnihameed08@gmail.com, Amulya Street, Ernakulam, Kerala, 123456.0, India)</a> <!-- method navigator-link -->
                      </span>
                      <br/>
                      <span>
                        <img src="skipped.png" width="3%"/>
                        <a href="#" panel-name="suite-FREE_CRM_Application_Test_Automation_Test_Suite" title="com.qa.testCase.ContactsPageTest" class="method navigator-link" hash-for-method="newContactsDetailsTest(Adil, Azeez, adil@gmail.com, Providence Street, Ernakulam, Dubai, 568791.0, United Arab Emirates)">newContactsDetailsTest(Adil, Azeez, adil@gmail.com, Providence Street, Ernakulam, Dubai, 568791.0, United Arab Emirates)</a> <!-- method navigator-link -->
                      </span>
                      <br/>
                      <span>
                        <img src="skipped.png" width="3%"/>
                        <a href="#" panel-name="suite-FREE_CRM_Application_Test_Automation_Test_Suite" title="com.qa.testCase.ContactsPageTest" class="method navigator-link" hash-for-method="newContactsDetailsTest(Rahmath, Hameed, rahmath@outlook.com, Amulya Street, Ernakulam, Kerala, 123456.0, India)">newContactsDetailsTest(Rahmath, Hameed, rahmath@outlook.com, Amulya Street, Ernakulam, Kerala, 123456.0, India)</a> <!-- method navigator-link -->
                      </span>
                      <br/>
                      <span>
                        <img src="skipped.png" width="3%"/>
                        <a href="#" panel-name="suite-FREE_CRM_Application_Test_Automation_Test_Suite" title="com.qa.testCase.ContactsPageTest" class="method navigator-link" hash-for-method="newContactsDetailsTest(yasar, PH, yasarhameed07@gmail.com, 64 Ranstone Gardens, Toronto, Ontario, M1H1S2, Canada)">newContactsDetailsTest(yasar, PH, yasarhameed07@gmail.com, 64 Ranstone Gardens, Toronto, Ontario, M1H1S2, Canada)</a> <!-- method navigator-link -->
                      </span>
                      <br/>
                      <span>
                        <img src="skipped.png" width="3%"/>
                        <a href="#" panel-name="suite-FREE_CRM_Application_Test_Automation_Test_Suite" title="com.qa.testCase.ContactsPageTest" class="method navigator-link" hash-for-method="verifyTheContactPageTest">verifyTheContactPageTest</a> <!-- method navigator-link -->
                      </span>
                      <br/>
                      <span>
                        <img src="skipped.png" width="3%"/>
                        <a href="#" panel-name="suite-FREE_CRM_Application_Test_Automation_Test_Suite" title="com.qa.testCase.ContactsPageTest" class="method navigator-link" hash-for-method="verifyTheSavedDetailsTest">verifyTheSavedDetailsTest</a> <!-- method navigator-link -->
                      </span>
                      <br/>
                    </div> <!-- method-list-content skipped suite-FREE_CRM_Application_Test_Automation_Test_Suite -->
                  </li>
                  <li>
                    <span class="method-list-title passed">Passed methods</span>
                    <span class="show-or-hide-methods passed">
                      <a href="#" panel-name="suite-FREE_CRM_Application_Test_Automation_Test_Suite" class="hide-methods passed suite-FREE_CRM_Application_Test_Automation_Test_Suite"> (hide)</a> <!-- hide-methods passed suite-FREE_CRM_Application_Test_Automation_Test_Suite -->
                      <a href="#" panel-name="suite-FREE_CRM_Application_Test_Automation_Test_Suite" class="show-methods passed suite-FREE_CRM_Application_Test_Automation_Test_Suite"> (show)</a> <!-- show-methods passed suite-FREE_CRM_Application_Test_Automation_Test_Suite -->
                    </span>
                    <div class="method-list-content passed suite-FREE_CRM_Application_Test_Automation_Test_Suite">
                      <span>
                        <img src="passed.png" width="3%"/>
                        <a href="#" panel-name="suite-FREE_CRM_Application_Test_Automation_Test_Suite" title="com.qa.testCase.LoginPageTest" class="method navigator-link" hash-for-method="ClickOnClassicCRMPageTest">ClickOnClassicCRMPageTest</a> <!-- method navigator-link -->
                      </span>
                      <br/>
                      <span>
                        <img src="passed.png" width="3%"/>
                        <a href="#" panel-name="suite-FREE_CRM_Application_Test_Automation_Test_Suite" title="com.qa.testCase.LoginPageTest" class="method navigator-link" hash-for-method="ClickOnForgetPasswordLinkTest">ClickOnForgetPasswordLinkTest</a> <!-- method navigator-link -->
                      </span>
                      <br/>
                      <span>
                        <img src="passed.png" width="3%"/>
                        <a href="#" panel-name="suite-FREE_CRM_Application_Test_Automation_Test_Suite" title="com.qa.testCase.HomePageTest" class="method navigator-link" hash-for-method="ContactsPageTest">ContactsPageTest</a> <!-- method navigator-link -->
                      </span>
                      <br/>
                      <span>
                        <img src="passed.png" width="3%"/>
                        <a href="#" panel-name="suite-FREE_CRM_Application_Test_Automation_Test_Suite" title="com.qa.testCase.HomePageTest" class="method navigator-link" hash-for-method="DealsPageTest">DealsPageTest</a> <!-- method navigator-link -->
                      </span>
                      <br/>
                      <span>
                        <img src="passed.png" width="3%"/>
                        <a href="#" panel-name="suite-FREE_CRM_Application_Test_Automation_Test_Suite" title="com.qa.testCase.HomePageTest" class="method navigator-link" hash-for-method="FormsPageTest">FormsPageTest</a> <!-- method navigator-link -->
                      </span>
                      <br/>
                      <span>
                        <img src="passed.png" width="3%"/>
                        <a href="#" panel-name="suite-FREE_CRM_Application_Test_Automation_Test_Suite" title="com.qa.testCase.LoginPageTest" class="method navigator-link" hash-for-method="LoginTest(yasarhameed07@gmail.com, Abc13738)">LoginTest(yasarhameed07@gmail.com, Abc13738)</a> <!-- method navigator-link -->
                      </span>
                      <br/>
                      <span>
                        <img src="passed.png" width="3%"/>
                        <a href="#" panel-name="suite-FREE_CRM_Application_Test_Automation_Test_Suite" title="com.qa.testCase.LoginPageTest" class="method navigator-link" hash-for-method="LoginTest(yasarhameed07@gmail.com, Qainspect07@)">LoginTest(yasarhameed07@gmail.com, Qainspect07@)</a> <!-- method navigator-link -->
                      </span>
                      <br/>
                      <span>
                        <img src="passed.png" width="3%"/>
                        <a href="#" panel-name="suite-FREE_CRM_Application_Test_Automation_Test_Suite" title="com.qa.testCase.LoginPageTest" class="method navigator-link" hash-for-method="LoginTest(hjvbsb@gmail.cm, Qainspect07@)">LoginTest(hjvbsb@gmail.cm, Qainspect07@)</a> <!-- method navigator-link -->
                      </span>
                      <br/>
                      <span>
                        <img src="passed.png" width="3%"/>
                        <a href="#" panel-name="suite-FREE_CRM_Application_Test_Automation_Test_Suite" title="com.qa.testCase.LoginPageTest" class="method navigator-link" hash-for-method="LoginTest(, )">LoginTest(, )</a> <!-- method navigator-link -->
                      </span>
                      <br/>
                      <span>
                        <img src="passed.png" width="3%"/>
                        <a href="#" panel-name="suite-FREE_CRM_Application_Test_Automation_Test_Suite" title="com.qa.testCase.LoginPageTest" class="method navigator-link" hash-for-method="LoginTest(abc@gamil.com, abc@123)">LoginTest(abc@gamil.com, abc@123)</a> <!-- method navigator-link -->
                      </span>
                      <br/>
                      <span>
                        <img src="passed.png" width="3%"/>
                        <a href="#" panel-name="suite-FREE_CRM_Application_Test_Automation_Test_Suite" title="com.qa.testCase.HomePageTest" class="method navigator-link" hash-for-method="verifyTheHomePageTest">verifyTheHomePageTest</a> <!-- method navigator-link -->
                      </span>
                      <br/>
                      <span>
                        <img src="passed.png" width="3%"/>
                        <a href="#" panel-name="suite-FREE_CRM_Application_Test_Automation_Test_Suite" title="com.qa.testCase.LoginPageTest" class="method navigator-link" hash-for-method="verifyTheLoginPageTest">verifyTheLoginPageTest</a> <!-- method navigator-link -->
                      </span>
                      <br/>
                    </div> <!-- method-list-content passed suite-FREE_CRM_Application_Test_Automation_Test_Suite -->
                  </li>
                </ul>
              </div> <!-- suite-section-content -->
            </div> <!-- result-section -->
          </div> <!-- navigator-suite-content -->
        </div> <!-- rounded-window -->
      </div> <!-- suite -->
    </div> <!-- navigator-root -->
    <div class="wrapper">
      <div class="main-panel-root">
        <div panel-name="suite-FREE_CRM_Application_Test_Automation_Test_Suite" class="panel FREE_CRM_Application_Test_Automation_Test_Suite">
          <div class="suite-FREE_CRM_Application_Test_Automation_Test_Suite-class-skipped">
            <div class="main-panel-header rounded-window-top">
              <img src="skipped.png"/>
              <span class="class-name">com.qa.testCase.ContactsPageTest</span>
            </div> <!-- main-panel-header rounded-window-top -->
            <div class="main-panel-content rounded-window-bottom">
              <div class="method">
                <div class="method-content">
                  <a name="newContactsDetailsTest(Hameed , PB, hameed@gmail.com, Amulya Street, Ernakulam, Kerala, 123456.0, India)">
                  </a> <!-- newContactsDetailsTest(Hameed , PB, hameed@gmail.com, Amulya Street, Ernakulam, Kerala, 123456.0, India) -->
                  <span class="method-name">newContactsDetailsTest</span>
                  <span class="parameters">(Hameed , PB, hameed@gmail.com, Amulya Street, Ernakulam, Kerala, 123456.0, India)</span>
                  <div class="stack-trace">java.lang.IllegalArgumentException: Keys to send should be a not null CharSequence
	at org.openqa.selenium.remote.RemoteWebElement.sendKeys(RemoteWebElement.java:97)
	at org.openqa.selenium.support.events.EventFiringWebDriver$EventFiringWebElement.lambda$new$0(EventFiringWebDriver.java:404)
	at com.sun.proxy.$Proxy17.sendKeys(Unknown Source)
	at org.openqa.selenium.support.events.EventFiringWebDriver$EventFiringWebElement.sendKeys(EventFiringWebDriver.java:429)
	at org.openqa.selenium.support.pagefactory.internal.LocatingElementHandler.invoke(LocatingElementHandler.java:51)
	at com.sun.proxy.$Proxy16.sendKeys(Unknown Source)
	at com.qa.pages.LoginPage.enterLoginDetails(LoginPage.java:46)
	at com.qa.testCase.ContactsPageTest.setUp(ContactsPageTest.java:34)
	at java.base/java.util.ArrayList.forEach(ArrayList.java:1511)
... Removed 37 stack frames
</div> <!-- stack-trace -->
                </div> <!-- method-content -->
              </div> <!-- method -->
              <div class="method">
                <div class="method-content">
                  <a name="newContactsDetailsTest(Thasni, Hameed, thasnihameed08@gmail.com, Amulya Street, Ernakulam, Kerala, 123456.0, India)">
                  </a> <!-- newContactsDetailsTest(Thasni, Hameed, thasnihameed08@gmail.com, Amulya Street, Ernakulam, Kerala, 123456.0, India) -->
                  <span class="method-name">newContactsDetailsTest</span>
                  <span class="parameters">(Thasni, Hameed, thasnihameed08@gmail.com, Amulya Street, Ernakulam, Kerala, 123456.0, India)</span>
                  <div class="stack-trace">java.lang.IllegalArgumentException: Keys to send should be a not null CharSequence
	at org.openqa.selenium.remote.RemoteWebElement.sendKeys(RemoteWebElement.java:97)
	at org.openqa.selenium.support.events.EventFiringWebDriver$EventFiringWebElement.lambda$new$0(EventFiringWebDriver.java:404)
	at com.sun.proxy.$Proxy17.sendKeys(Unknown Source)
	at org.openqa.selenium.support.events.EventFiringWebDriver$EventFiringWebElement.sendKeys(EventFiringWebDriver.java:429)
	at org.openqa.selenium.support.pagefactory.internal.LocatingElementHandler.invoke(LocatingElementHandler.java:51)
	at com.sun.proxy.$Proxy16.sendKeys(Unknown Source)
	at com.qa.pages.LoginPage.enterLoginDetails(LoginPage.java:46)
	at com.qa.testCase.ContactsPageTest.setUp(ContactsPageTest.java:34)
	at java.base/java.util.ArrayList.forEach(ArrayList.java:1511)
... Removed 37 stack frames
</div> <!-- stack-trace -->
                </div> <!-- method-content -->
              </div> <!-- method -->
              <div class="method">
                <div class="method-content">
                  <a name="newContactsDetailsTest(Adil, Azeez, adil@gmail.com, Providence Street, Ernakulam, Dubai, 568791.0, United Arab Emirates)">
                  </a> <!-- newContactsDetailsTest(Adil, Azeez, adil@gmail.com, Providence Street, Ernakulam, Dubai, 568791.0, United Arab Emirates) -->
                  <span class="method-name">newContactsDetailsTest</span>
                  <span class="parameters">(Adil, Azeez, adil@gmail.com, Providence Street, Ernakulam, Dubai, 568791.0, United Arab Emirates)</span>
                  <div class="stack-trace">java.lang.IllegalArgumentException: Keys to send should be a not null CharSequence
	at org.openqa.selenium.remote.RemoteWebElement.sendKeys(RemoteWebElement.java:97)
	at org.openqa.selenium.support.events.EventFiringWebDriver$EventFiringWebElement.lambda$new$0(EventFiringWebDriver.java:404)
	at com.sun.proxy.$Proxy17.sendKeys(Unknown Source)
	at org.openqa.selenium.support.events.EventFiringWebDriver$EventFiringWebElement.sendKeys(EventFiringWebDriver.java:429)
	at org.openqa.selenium.support.pagefactory.internal.LocatingElementHandler.invoke(LocatingElementHandler.java:51)
	at com.sun.proxy.$Proxy16.sendKeys(Unknown Source)
	at com.qa.pages.LoginPage.enterLoginDetails(LoginPage.java:46)
	at com.qa.testCase.ContactsPageTest.setUp(ContactsPageTest.java:34)
	at java.base/java.util.ArrayList.forEach(ArrayList.java:1511)
... Removed 37 stack frames
</div> <!-- stack-trace -->
                </div> <!-- method-content -->
              </div> <!-- method -->
              <div class="method">
                <div class="method-content">
                  <a name="newContactsDetailsTest(Rahmath, Hameed, rahmath@outlook.com, Amulya Street, Ernakulam, Kerala, 123456.0, India)">
                  </a> <!-- newContactsDetailsTest(Rahmath, Hameed, rahmath@outlook.com, Amulya Street, Ernakulam, Kerala, 123456.0, India) -->
                  <span class="method-name">newContactsDetailsTest</span>
                  <span class="parameters">(Rahmath, Hameed, rahmath@outlook.com, Amulya Street, Ernakulam, Kerala, 123456.0, India)</span>
                  <div class="stack-trace">java.lang.IllegalArgumentException: Keys to send should be a not null CharSequence
	at org.openqa.selenium.remote.RemoteWebElement.sendKeys(RemoteWebElement.java:97)
	at org.openqa.selenium.support.events.EventFiringWebDriver$EventFiringWebElement.lambda$new$0(EventFiringWebDriver.java:404)
	at com.sun.proxy.$Proxy17.sendKeys(Unknown Source)
	at org.openqa.selenium.support.events.EventFiringWebDriver$EventFiringWebElement.sendKeys(EventFiringWebDriver.java:429)
	at org.openqa.selenium.support.pagefactory.internal.LocatingElementHandler.invoke(LocatingElementHandler.java:51)
	at com.sun.proxy.$Proxy16.sendKeys(Unknown Source)
	at com.qa.pages.LoginPage.enterLoginDetails(LoginPage.java:46)
	at com.qa.testCase.ContactsPageTest.setUp(ContactsPageTest.java:34)
	at java.base/java.util.ArrayList.forEach(ArrayList.java:1511)
... Removed 37 stack frames
</div> <!-- stack-trace -->
                </div> <!-- method-content -->
              </div> <!-- method -->
              <div class="method">
                <div class="method-content">
                  <a name="newContactsDetailsTest(yasar, PH, yasarhameed07@gmail.com, 64 Ranstone Gardens, Toronto, Ontario, M1H1S2, Canada)">
                  </a> <!-- newContactsDetailsTest(yasar, PH, yasarhameed07@gmail.com, 64 Ranstone Gardens, Toronto, Ontario, M1H1S2, Canada) -->
                  <span class="method-name">newContactsDetailsTest</span>
                  <span class="parameters">(yasar, PH, yasarhameed07@gmail.com, 64 Ranstone Gardens, Toronto, Ontario, M1H1S2, Canada)</span>
                  <div class="stack-trace">java.lang.IllegalArgumentException: Keys to send should be a not null CharSequence
	at org.openqa.selenium.remote.RemoteWebElement.sendKeys(RemoteWebElement.java:97)
	at org.openqa.selenium.support.events.EventFiringWebDriver$EventFiringWebElement.lambda$new$0(EventFiringWebDriver.java:404)
	at com.sun.proxy.$Proxy17.sendKeys(Unknown Source)
	at org.openqa.selenium.support.events.EventFiringWebDriver$EventFiringWebElement.sendKeys(EventFiringWebDriver.java:429)
	at org.openqa.selenium.support.pagefactory.internal.LocatingElementHandler.invoke(LocatingElementHandler.java:51)
	at com.sun.proxy.$Proxy16.sendKeys(Unknown Source)
	at com.qa.pages.LoginPage.enterLoginDetails(LoginPage.java:46)
	at com.qa.testCase.ContactsPageTest.setUp(ContactsPageTest.java:34)
	at java.base/java.util.ArrayList.forEach(ArrayList.java:1511)
... Removed 37 stack frames
</div> <!-- stack-trace -->
                </div> <!-- method-content -->
              </div> <!-- method -->
              <div class="method">
                <div class="method-content">
                  <a name="verifyTheContactPageTest">
                  </a> <!-- verifyTheContactPageTest -->
                  <span class="method-name">verifyTheContactPageTest</span>
                  <div class="stack-trace">java.lang.IllegalArgumentException: Keys to send should be a not null CharSequence
	at org.openqa.selenium.remote.RemoteWebElement.sendKeys(RemoteWebElement.java:97)
	at org.openqa.selenium.support.events.EventFiringWebDriver$EventFiringWebElement.lambda$new$0(EventFiringWebDriver.java:404)
	at com.sun.proxy.$Proxy17.sendKeys(Unknown Source)
	at org.openqa.selenium.support.events.EventFiringWebDriver$EventFiringWebElement.sendKeys(EventFiringWebDriver.java:429)
	at org.openqa.selenium.support.pagefactory.internal.LocatingElementHandler.invoke(LocatingElementHandler.java:51)
	at com.sun.proxy.$Proxy16.sendKeys(Unknown Source)
	at com.qa.pages.LoginPage.enterLoginDetails(LoginPage.java:46)
	at com.qa.testCase.ContactsPageTest.setUp(ContactsPageTest.java:34)
	at java.base/java.util.ArrayList.forEach(ArrayList.java:1511)
... Removed 37 stack frames
</div> <!-- stack-trace -->
                </div> <!-- method-content -->
              </div> <!-- method -->
              <div class="method">
                <div class="method-content">
                  <a name="verifyTheSavedDetailsTest">
                  </a> <!-- verifyTheSavedDetailsTest -->
                  <span class="method-name">verifyTheSavedDetailsTest</span>
                  <div class="stack-trace">java.lang.IllegalArgumentException: Keys to send should be a not null CharSequence
	at org.openqa.selenium.remote.RemoteWebElement.sendKeys(RemoteWebElement.java:97)
	at org.openqa.selenium.support.events.EventFiringWebDriver$EventFiringWebElement.lambda$new$0(EventFiringWebDriver.java:404)
	at com.sun.proxy.$Proxy17.sendKeys(Unknown Source)
	at org.openqa.selenium.support.events.EventFiringWebDriver$EventFiringWebElement.sendKeys(EventFiringWebDriver.java:429)
	at org.openqa.selenium.support.pagefactory.internal.LocatingElementHandler.invoke(LocatingElementHandler.java:51)
	at com.sun.proxy.$Proxy16.sendKeys(Unknown Source)
	at com.qa.pages.LoginPage.enterLoginDetails(LoginPage.java:46)
	at com.qa.testCase.ContactsPageTest.setUp(ContactsPageTest.java:34)
	at java.base/java.util.ArrayList.forEach(ArrayList.java:1511)
... Removed 37 stack frames
</div> <!-- stack-trace -->
                </div> <!-- method-content -->
              </div> <!-- method -->
            </div> <!-- main-panel-content rounded-window-bottom -->
          </div> <!-- suite-FREE_CRM_Application_Test_Automation_Test_Suite-class-skipped -->
          <div class="suite-FREE_CRM_Application_Test_Automation_Test_Suite-class-passed">
            <div class="main-panel-header rounded-window-top">
              <img src="passed.png"/>
              <span class="class-name">com.qa.testCase.HomePageTest</span>
            </div> <!-- main-panel-header rounded-window-top -->
            <div class="main-panel-content rounded-window-bottom">
              <div class="method">
                <div class="method-content">
                  <a name="ContactsPageTest">
                  </a> <!-- ContactsPageTest -->
                  <span class="method-name">ContactsPageTest</span>
                </div> <!-- method-content -->
              </div> <!-- method -->
              <div class="method">
                <div class="method-content">
                  <a name="DealsPageTest">
                  </a> <!-- DealsPageTest -->
                  <span class="method-name">DealsPageTest</span>
                </div> <!-- method-content -->
              </div> <!-- method -->
              <div class="method">
                <div class="method-content">
                  <a name="FormsPageTest">
                  </a> <!-- FormsPageTest -->
                  <span class="method-name">FormsPageTest</span>
                </div> <!-- method-content -->
              </div> <!-- method -->
              <div class="method">
                <div class="method-content">
                  <a name="verifyTheHomePageTest">
                  </a> <!-- verifyTheHomePageTest -->
                  <span class="method-name">verifyTheHomePageTest</span>
                </div> <!-- method-content -->
              </div> <!-- method -->
            </div> <!-- main-panel-content rounded-window-bottom -->
          </div> <!-- suite-FREE_CRM_Application_Test_Automation_Test_Suite-class-passed -->
          <div class="suite-FREE_CRM_Application_Test_Automation_Test_Suite-class-passed">
            <div class="main-panel-header rounded-window-top">
              <img src="passed.png"/>
              <span class="class-name">com.qa.testCase.LoginPageTest</span>
            </div> <!-- main-panel-header rounded-window-top -->
            <div class="main-panel-content rounded-window-bottom">
              <div class="method">
                <div class="method-content">
                  <a name="ClickOnClassicCRMPageTest">
                  </a> <!-- ClickOnClassicCRMPageTest -->
                  <span class="method-name">ClickOnClassicCRMPageTest</span>
                </div> <!-- method-content -->
              </div> <!-- method -->
              <div class="method">
                <div class="method-content">
                  <a name="ClickOnForgetPasswordLinkTest">
                  </a> <!-- ClickOnForgetPasswordLinkTest -->
                  <span class="method-name">ClickOnForgetPasswordLinkTest</span>
                </div> <!-- method-content -->
              </div> <!-- method -->
              <div class="method">
                <div class="method-content">
                  <a name="LoginTest(yasarhameed07@gmail.com, Abc13738)">
                  </a> <!-- LoginTest(yasarhameed07@gmail.com, Abc13738) -->
                  <span class="method-name">LoginTest</span>
                  <span class="parameters">(yasarhameed07@gmail.com, Abc13738)</span>
                </div> <!-- method-content -->
              </div> <!-- method -->
              <div class="method">
                <div class="method-content">
                  <a name="LoginTest(yasarhameed07@gmail.com, Qainspect07@)">
                  </a> <!-- LoginTest(yasarhameed07@gmail.com, Qainspect07@) -->
                  <span class="method-name">LoginTest</span>
                  <span class="parameters">(yasarhameed07@gmail.com, Qainspect07@)</span>
                </div> <!-- method-content -->
              </div> <!-- method -->
              <div class="method">
                <div class="method-content">
                  <a name="LoginTest(hjvbsb@gmail.cm, Qainspect07@)">
                  </a> <!-- LoginTest(hjvbsb@gmail.cm, Qainspect07@) -->
                  <span class="method-name">LoginTest</span>
                  <span class="parameters">(hjvbsb@gmail.cm, Qainspect07@)</span>
                </div> <!-- method-content -->
              </div> <!-- method -->
              <div class="method">
                <div class="method-content">
                  <a name="LoginTest(, )">
                  </a> <!-- LoginTest(, ) -->
                  <span class="method-name">LoginTest</span>
                  <span class="parameters">(, )</span>
                </div> <!-- method-content -->
              </div> <!-- method -->
              <div class="method">
                <div class="method-content">
                  <a name="LoginTest(abc@gamil.com, abc@123)">
                  </a> <!-- LoginTest(abc@gamil.com, abc@123) -->
                  <span class="method-name">LoginTest</span>
                  <span class="parameters">(abc@gamil.com, abc@123)</span>
                </div> <!-- method-content -->
              </div> <!-- method -->
              <div class="method">
                <div class="method-content">
                  <a name="verifyTheLoginPageTest">
                  </a> <!-- verifyTheLoginPageTest -->
                  <span class="method-name">verifyTheLoginPageTest</span>
                </div> <!-- method-content -->
              </div> <!-- method -->
            </div> <!-- main-panel-content rounded-window-bottom -->
          </div> <!-- suite-FREE_CRM_Application_Test_Automation_Test_Suite-class-passed -->
        </div> <!-- panel FREE_CRM_Application_Test_Automation_Test_Suite -->
        <div panel-name="test-xml-FREE_CRM_Application_Test_Automation_Test_Suite" class="panel">
          <div class="main-panel-header rounded-window-top">
            <span class="header-content">C:\Framework_Projects\FreeCRM_Project\src\main\resources\testng_regression.xml</span>
          </div> <!-- main-panel-header rounded-window-top -->
          <div class="main-panel-content rounded-window-bottom">
            <pre>
&lt;?xml version=&quot;1.0&quot; encoding=&quot;UTF-8&quot;?&gt;
&lt;!DOCTYPE suite SYSTEM &quot;https://testng.org/testng-1.0.dtd&quot;&gt;
&lt;suite name=&quot;FREE CRM Application Test Automation Test Suite&quot; guice-stage=&quot;DEVELOPMENT&quot;&gt;
  &lt;listeners&gt;
    &lt;listener class-name=&quot;com.qa.ExtentReportListener.ExtentReporterNG&quot;/&gt;
  &lt;/listeners&gt;
  &lt;test thread-count=&quot;5&quot; name=&quot;Free CRM App Test Cases&quot;&gt;
    &lt;classes&gt;
      &lt;class name=&quot;com.qa.testCase.LoginPageTest&quot;/&gt;
      &lt;class name=&quot;com.qa.testCase.HomePageTest&quot;/&gt;
      &lt;class name=&quot;com.qa.testCase.ContactsPageTest&quot;/&gt;
    &lt;/classes&gt;
  &lt;/test&gt; &lt;!-- Free CRM App Test Cases --&gt;
&lt;/suite&gt; &lt;!-- FREE CRM Application Test Automation Test Suite --&gt;
            </pre>
          </div> <!-- main-panel-content rounded-window-bottom -->
        </div> <!-- panel -->
        <div panel-name="testlist-FREE_CRM_Application_Test_Automation_Test_Suite" class="panel">
          <div class="main-panel-header rounded-window-top">
            <span class="header-content">Tests for FREE CRM Application Test Automation Test Suite</span>
          </div> <!-- main-panel-header rounded-window-top -->
          <div class="main-panel-content rounded-window-bottom">
            <ul>
              <li>
                <span class="test-name">Free CRM App Test Cases (3 classes)</span>
              </li>
            </ul>
          </div> <!-- main-panel-content rounded-window-bottom -->
        </div> <!-- panel -->
        <div panel-name="group-FREE_CRM_Application_Test_Automation_Test_Suite" class="panel">
          <div class="main-panel-header rounded-window-top">
            <span class="header-content">Groups for FREE CRM Application Test Automation Test Suite</span>
          </div> <!-- main-panel-header rounded-window-top -->
          <div class="main-panel-content rounded-window-bottom">
          </div> <!-- main-panel-content rounded-window-bottom -->
        </div> <!-- panel -->
        <div panel-name="times-FREE_CRM_Application_Test_Automation_Test_Suite" class="panel">
          <div class="main-panel-header rounded-window-top">
            <span class="header-content">Times for FREE CRM Application Test Automation Test Suite</span>
          </div> <!-- main-panel-header rounded-window-top -->
          <div class="main-panel-content rounded-window-bottom">
            <div class="times-div">
              <script type="text/javascript">
suiteTableInitFunctions.push('tableData_FREE_CRM_Application_Test_Automation_Test_Suite');
function tableData_FREE_CRM_Application_Test_Automation_Test_Suite() {
var data = new google.visualization.DataTable();
data.addColumn('number', 'Number');
data.addColumn('string', 'Method');
data.addColumn('string', 'Class');
data.addColumn('number', 'Time (ms)');
data.addRows(19);
data.setCell(0, 0, 0)
data.setCell(0, 1, 'FormsPageTest')
data.setCell(0, 2, 'com.qa.testCase.HomePageTest')
data.setCell(0, 3, 2095);
data.setCell(1, 0, 1)
data.setCell(1, 1, 'ContactsPageTest')
data.setCell(1, 2, 'com.qa.testCase.HomePageTest')
data.setCell(1, 3, 1741);
data.setCell(2, 0, 2)
data.setCell(2, 1, 'DealsPageTest')
data.setCell(2, 2, 'com.qa.testCase.HomePageTest')
data.setCell(2, 3, 1523);
data.setCell(3, 0, 3)
data.setCell(3, 1, 'ClickOnClassicCRMPageTest')
data.setCell(3, 2, 'com.qa.testCase.LoginPageTest')
data.setCell(3, 3, 1464);
data.setCell(4, 0, 4)
data.setCell(4, 1, 'ClickOnForgetPasswordLinkTest')
data.setCell(4, 2, 'com.qa.testCase.LoginPageTest')
data.setCell(4, 3, 1224);
data.setCell(5, 0, 5)
data.setCell(5, 1, 'verifyTheHomePageTest')
data.setCell(5, 2, 'com.qa.testCase.HomePageTest')
data.setCell(5, 3, 809);
data.setCell(6, 0, 6)
data.setCell(6, 1, 'LoginTest')
data.setCell(6, 2, 'com.qa.testCase.LoginPageTest')
data.setCell(6, 3, 670);
data.setCell(7, 0, 7)
data.setCell(7, 1, 'LoginTest')
data.setCell(7, 2, 'com.qa.testCase.LoginPageTest')
data.setCell(7, 3, 618);
data.setCell(8, 0, 8)
data.setCell(8, 1, 'LoginTest')
data.setCell(8, 2, 'com.qa.testCase.LoginPageTest')
data.setCell(8, 3, 561);
data.setCell(9, 0, 9)
data.setCell(9, 1, 'LoginTest')
data.setCell(9, 2, 'com.qa.testCase.LoginPageTest')
data.setCell(9, 3, 552);
data.setCell(10, 0, 10)
data.setCell(10, 1, 'LoginTest')
data.setCell(10, 2, 'com.qa.testCase.LoginPageTest')
data.setCell(10, 3, 390);
data.setCell(11, 0, 11)
data.setCell(11, 1, 'verifyTheLoginPageTest')
data.setCell(11, 2, 'com.qa.testCase.LoginPageTest')
data.setCell(11, 3, 24);
data.setCell(12, 0, 12)
data.setCell(12, 1, 'verifyTheContactPageTest')
data.setCell(12, 2, 'com.qa.testCase.ContactsPageTest')
data.setCell(12, 3, 0);
data.setCell(13, 0, 13)
data.setCell(13, 1, 'newContactsDetailsTest')
data.setCell(13, 2, 'com.qa.testCase.ContactsPageTest')
data.setCell(13, 3, 0);
data.setCell(14, 0, 14)
data.setCell(14, 1, 'newContactsDetailsTest')
data.setCell(14, 2, 'com.qa.testCase.ContactsPageTest')
data.setCell(14, 3, 0);
data.setCell(15, 0, 15)
data.setCell(15, 1, 'newContactsDetailsTest')
data.setCell(15, 2, 'com.qa.testCase.ContactsPageTest')
data.setCell(15, 3, 0);
data.setCell(16, 0, 16)
data.setCell(16, 1, 'verifyTheSavedDetailsTest')
data.setCell(16, 2, 'com.qa.testCase.ContactsPageTest')
data.setCell(16, 3, 0);
data.setCell(17, 0, 17)
data.setCell(17, 1, 'newContactsDetailsTest')
data.setCell(17, 2, 'com.qa.testCase.ContactsPageTest')
data.setCell(17, 3, 0);
data.setCell(18, 0, 18)
data.setCell(18, 1, 'newContactsDetailsTest')
data.setCell(18, 2, 'com.qa.testCase.ContactsPageTest')
data.setCell(18, 3, 0);
window.suiteTableData['FREE_CRM_Application_Test_Automation_Test_Suite']= { tableData: data, tableDiv: 'times-div-FREE_CRM_Application_Test_Automation_Test_Suite'}
return data;
}
              </script>
              <span class="suite-total-time">Total running time: 11 seconds</span>
              <div id="times-div-FREE_CRM_Application_Test_Automation_Test_Suite">
              </div> <!-- times-div-FREE_CRM_Application_Test_Automation_Test_Suite -->
            </div> <!-- times-div -->
          </div> <!-- main-panel-content rounded-window-bottom -->
        </div> <!-- panel -->
        <div panel-name="reporter-FREE_CRM_Application_Test_Automation_Test_Suite" class="panel">
          <div class="main-panel-header rounded-window-top">
            <span class="header-content">Reporter output for FREE CRM Application Test Automation Test Suite</span>
          </div> <!-- main-panel-header rounded-window-top -->
          <div class="main-panel-content rounded-window-bottom">
          </div> <!-- main-panel-content rounded-window-bottom -->
        </div> <!-- panel -->
        <div panel-name="ignored-methods-FREE_CRM_Application_Test_Automation_Test_Suite" class="panel">
          <div class="main-panel-header rounded-window-top">
            <span class="header-content">0 ignored methods</span>
          </div> <!-- main-panel-header rounded-window-top -->
          <div class="main-panel-content rounded-window-bottom">
          </div> <!-- main-panel-content rounded-window-bottom -->
        </div> <!-- panel -->
        <div panel-name="chronological-FREE_CRM_Application_Test_Automation_Test_Suite" class="panel">
          <div class="main-panel-header rounded-window-top">
            <span class="header-content">Methods in chronological order</span>
          </div> <!-- main-panel-header rounded-window-top -->
          <div class="main-panel-content rounded-window-bottom">
            <div class="chronological-class">
              <div class="chronological-class-name">com.qa.testCase.LoginPageTest</div> <!-- chronological-class-name -->
              <div class="configuration-method before">
                <span class="method-name">setUp</span>
                <span class="method-start">0 ms</span>
              </div> <!-- configuration-method before -->
              <div class="test-method">
                <span class="method-name">verifyTheLoginPageTest</span>
                <span class="method-start">8944 ms</span>
              </div> <!-- test-method -->
              <div class="configuration-method after">
                <span class="method-name">tearDown</span>
                <span class="method-start">8972 ms</span>
              </div> <!-- configuration-method after -->
              <div class="configuration-method before">
                <span class="method-name">setUp</span>
                <span class="method-start">10482 ms</span>
              </div> <!-- configuration-method before -->
              <div class="test-method">
                <span class="method-name">LoginTest(yasarhameed07@gmail.com, Qainspect07@)</span>
                <span class="method-start">18467 ms</span>
              </div> <!-- test-method -->
              <div class="configuration-method after">
                <span class="method-name">tearDown</span>
                <span class="method-start">19089 ms</span>
              </div> <!-- configuration-method after -->
              <div class="configuration-method before">
                <span class="method-name">setUp</span>
                <span class="method-start">19807 ms</span>
              </div> <!-- configuration-method before -->
              <div class="test-method">
                <span class="method-name">LoginTest(, )</span>
                <span class="method-start">27851 ms</span>
              </div> <!-- test-method -->
              <div class="configuration-method after">
                <span class="method-name">tearDown</span>
                <span class="method-start">28244 ms</span>
              </div> <!-- configuration-method after -->
              <div class="configuration-method before">
                <span class="method-name">setUp</span>
                <span class="method-start">28968 ms</span>
              </div> <!-- configuration-method before -->
              <div class="test-method">
                <span class="method-name">LoginTest(yasarhameed07@gmail.com, Abc13738)</span>
                <span class="method-start">36676 ms</span>
              </div> <!-- test-method -->
              <div class="configuration-method after">
                <span class="method-name">tearDown</span>
                <span class="method-start">37348 ms</span>
              </div> <!-- configuration-method after -->
              <div class="configuration-method before">
                <span class="method-name">setUp</span>
                <span class="method-start">38056 ms</span>
              </div> <!-- configuration-method before -->
              <div class="test-method">
                <span class="method-name">LoginTest(hjvbsb@gmail.cm, Qainspect07@)</span>
                <span class="method-start">45494 ms</span>
              </div> <!-- test-method -->
              <div class="configuration-method after">
                <span class="method-name">tearDown</span>
                <span class="method-start">46047 ms</span>
              </div> <!-- configuration-method after -->
              <div class="configuration-method before">
                <span class="method-name">setUp</span>
                <span class="method-start">46749 ms</span>
              </div> <!-- configuration-method before -->
              <div class="test-method">
                <span class="method-name">LoginTest(abc@gamil.com, abc@123)</span>
                <span class="method-start">54225 ms</span>
              </div> <!-- test-method -->
              <div class="configuration-method after">
                <span class="method-name">tearDown</span>
                <span class="method-start">54788 ms</span>
              </div> <!-- configuration-method after -->
              <div class="configuration-method before">
                <span class="method-name">setUp</span>
                <span class="method-start">55481 ms</span>
              </div> <!-- configuration-method before -->
              <div class="test-method">
                <span class="method-name">ClickOnForgetPasswordLinkTest</span>
                <span class="method-start">62866 ms</span>
              </div> <!-- test-method -->
              <div class="configuration-method after">
                <span class="method-name">tearDown</span>
                <span class="method-start">64091 ms</span>
              </div> <!-- configuration-method after -->
              <div class="configuration-method before">
                <span class="method-name">setUp</span>
                <span class="method-start">64812 ms</span>
              </div> <!-- configuration-method before -->
              <div class="test-method">
                <span class="method-name">ClickOnClassicCRMPageTest</span>
                <span class="method-start">72784 ms</span>
              </div> <!-- test-method -->
              <div class="configuration-method after">
                <span class="method-name">tearDown</span>
                <span class="method-start">74249 ms</span>
              </div> <!-- configuration-method after -->
            </div> <!-- chronological-class -->
            <div class="chronological-class">
              <div class="chronological-class-name">com.qa.testCase.HomePageTest</div> <!-- chronological-class-name -->
              <div class="configuration-method before">
                <span class="method-name">setUp</span>
                <span class="method-start">75009 ms</span>
              </div> <!-- configuration-method before -->
              <div class="test-method">
                <span class="method-name">ContactsPageTest</span>
                <span class="method-start">83028 ms</span>
              </div> <!-- test-method -->
              <div class="configuration-method after">
                <span class="method-name">tearDown</span>
                <span class="method-start">84771 ms</span>
              </div> <!-- configuration-method after -->
              <div class="configuration-method before">
                <span class="method-name">setUp</span>
                <span class="method-start">85478 ms</span>
              </div> <!-- configuration-method before -->
              <div class="test-method">
                <span class="method-name">DealsPageTest</span>
                <span class="method-start">93339 ms</span>
              </div> <!-- test-method -->
              <div class="configuration-method after">
                <span class="method-name">tearDown</span>
                <span class="method-start">94863 ms</span>
              </div> <!-- configuration-method after -->
              <div class="configuration-method before">
                <span class="method-name">setUp</span>
                <span class="method-start">95645 ms</span>
              </div> <!-- configuration-method before -->
              <div class="test-method">
                <span class="method-name">FormsPageTest</span>
                <span class="method-start">103579 ms</span>
              </div> <!-- test-method -->
              <div class="configuration-method after">
                <span class="method-name">tearDown</span>
                <span class="method-start">105675 ms</span>
              </div> <!-- configuration-method after -->
              <div class="configuration-method before">
                <span class="method-name">setUp</span>
                <span class="method-start">106413 ms</span>
              </div> <!-- configuration-method before -->
              <div class="test-method">
                <span class="method-name">verifyTheHomePageTest</span>
                <span class="method-start">114524 ms</span>
              </div> <!-- test-method -->
              <div class="configuration-method after">
                <span class="method-name">tearDown</span>
                <span class="method-start">115335 ms</span>
              </div> <!-- configuration-method after -->
            </div> <!-- chronological-class -->
            <div class="chronological-class">
              <div class="chronological-class-name">com.qa.testCase.ContactsPageTest</div> <!-- chronological-class-name -->
              <div class="configuration-method before">
                <img src="failed.png">
                </img>
                <span class="method-name">setUp</span>
                <span class="method-start">116161 ms</span>
              </div> <!-- configuration-method before -->
              <div class="test-method">
                <span class="method-name">newContactsDetailsTest(yasar, PH, yasarhameed07@gmail.com, 64 Ranstone Gardens, Toronto, Ontario, M1H1S2, Canada)</span>
                <span class="method-start">124222 ms</span>
              </div> <!-- test-method -->
              <div class="configuration-method after">
                <span class="method-name">tearDown</span>
                <span class="method-start">124226 ms</span>
              </div> <!-- configuration-method after -->
              <div class="configuration-method before">
                <span class="method-name">setUp</span>
                <span class="method-start">124227 ms</span>
              </div> <!-- configuration-method before -->
              <div class="test-method">
                <span class="method-name">newContactsDetailsTest(Hameed , PB, hameed@gmail.com, Amulya Street, Ernakulam, Kerala, 123456.0, India)</span>
                <span class="method-start">124228 ms</span>
              </div> <!-- test-method -->
              <div class="configuration-method after">
                <span class="method-name">tearDown</span>
                <span class="method-start">124232 ms</span>
              </div> <!-- configuration-method after -->
              <div class="configuration-method before">
                <span class="method-name">setUp</span>
                <span class="method-start">124233 ms</span>
              </div> <!-- configuration-method before -->
              <div class="test-method">
                <span class="method-name">newContactsDetailsTest(Rahmath, Hameed, rahmath@outlook.com, Amulya Street, Ernakulam, Kerala, 123456.0, India)</span>
                <span class="method-start">124233 ms</span>
              </div> <!-- test-method -->
              <div class="configuration-method after">
                <span class="method-name">tearDown</span>
                <span class="method-start">124238 ms</span>
              </div> <!-- configuration-method after -->
              <div class="configuration-method before">
                <span class="method-name">setUp</span>
                <span class="method-start">124239 ms</span>
              </div> <!-- configuration-method before -->
              <div class="test-method">
                <span class="method-name">newContactsDetailsTest(Thasni, Hameed, thasnihameed08@gmail.com, Amulya Street, Ernakulam, Kerala, 123456.0, India)</span>
                <span class="method-start">124240 ms</span>
              </div> <!-- test-method -->
              <div class="configuration-method after">
                <span class="method-name">tearDown</span>
                <span class="method-start">124246 ms</span>
              </div> <!-- configuration-method after -->
              <div class="configuration-method before">
                <span class="method-name">setUp</span>
                <span class="method-start">124247 ms</span>
              </div> <!-- configuration-method before -->
              <div class="test-method">
                <span class="method-name">newContactsDetailsTest(Adil, Azeez, adil@gmail.com, Providence Street, Ernakulam, Dubai, 568791.0, United Arab Emirates)</span>
                <span class="method-start">124248 ms</span>
              </div> <!-- test-method -->
              <div class="configuration-method after">
                <span class="method-name">tearDown</span>
                <span class="method-start">124251 ms</span>
              </div> <!-- configuration-method after -->
              <div class="configuration-method before">
                <span class="method-name">setUp</span>
                <span class="method-start">124252 ms</span>
              </div> <!-- configuration-method before -->
              <div class="test-method">
                <span class="method-name">verifyTheContactPageTest</span>
                <span class="method-start">124253 ms</span>
              </div> <!-- test-method -->
              <div class="configuration-method after">
                <span class="method-name">tearDown</span>
                <span class="method-start">124259 ms</span>
              </div> <!-- configuration-method after -->
              <div class="configuration-method before">
                <span class="method-name">setUp</span>
                <span class="method-start">124260 ms</span>
              </div> <!-- configuration-method before -->
              <div class="test-method">
                <span class="method-name">verifyTheSavedDetailsTest</span>
                <span class="method-start">124262 ms</span>
              </div> <!-- test-method -->
              <div class="configuration-method after">
                <span class="method-name">tearDown</span>
                <span class="method-start">124264 ms</span>
              </div> <!-- configuration-method after -->
          </div> <!-- main-panel-content rounded-window-bottom -->
        </div> <!-- panel -->
      </div> <!-- main-panel-root -->
    </div> <!-- wrapper -->
  </body>
<script type="text/javascript" src="testng-reports2.js"></script>
</html>
