<?xml version="1.0" encoding="UTF-8"?>
<!-- Generated by org.testng.reporters.JUnitXMLReporter -->
<testsuite ignored="0" hostname="LAPTOP-52LETVGJ" failures="0" tests="19" name="Free CRM App Test Cases" time="124.302" errors="0" timestamp="2020-12-27T16:03:12 EST">
  <testcase classname="com.qa.testCase.ContactsPageTest" name="@BeforeMethod setUp" time="8.057">
    <failure type="java.lang.IllegalArgumentException" message="Keys to send should be a not null CharSequence">
      <![CDATA[java.lang.IllegalArgumentException: Keys to send should be a not null CharSequence
at org.openqa.selenium.remote.RemoteWebElement.sendKeys(RemoteWebElement.java:97)
at org.openqa.selenium.support.events.EventFiringWebDriver$EventFiringWebElement.lambda$new$0(EventFiringWebDriver.java:404)
at com.sun.proxy.$Proxy17.sendKeys(Unknown Source)
at org.openqa.selenium.support.events.EventFiringWebDriver$EventFiringWebElement.sendKeys(EventFiringWebDriver.java:429)
at org.openqa.selenium.support.pagefactory.internal.LocatingElementHandler.invoke(LocatingElementHandler.java:51)
at com.sun.proxy.$Proxy16.sendKeys(Unknown Source)
at com.qa.pages.LoginPage.enterLoginDetails(LoginPage.java:46)
at com.qa.testCase.ContactsPageTest.setUp(ContactsPageTest.java:34)
at java.base/java.util.ArrayList.forEach(ArrayList.java:1511)
... Removed 37 stack frames]]>
    </failure>
  </testcase> <!-- @BeforeMethod setUp -->
  <testcase classname="com.qa.testCase.ContactsPageTest" name="@AfterMethod tearDown" time="-1.609102992304E9">
    <skipped/>
  </testcase> <!-- @AfterMethod tearDown -->
  <testcase classname="com.qa.testCase.ContactsPageTest" name="@BeforeMethod setUp" time="-1.609102992305E9">
    <skipped/>
  </testcase> <!-- @BeforeMethod setUp -->
  <testcase classname="com.qa.testCase.ContactsPageTest" name="@AfterMethod tearDown" time="-1.60910299231E9">
    <skipped/>
  </testcase> <!-- @AfterMethod tearDown -->
  <testcase classname="com.qa.testCase.ContactsPageTest" name="@BeforeMethod setUp" time="-1.609102992311E9">
    <skipped/>
  </testcase> <!-- @BeforeMethod setUp -->
  <testcase classname="com.qa.testCase.ContactsPageTest" name="@AfterMethod tearDown" time="-1.609102992316E9">
    <skipped/>
  </testcase> <!-- @AfterMethod tearDown -->
  <testcase classname="com.qa.testCase.ContactsPageTest" name="@BeforeMethod setUp" time="-1.609102992317E9">
    <skipped/>
  </testcase> <!-- @BeforeMethod setUp -->
  <testcase classname="com.qa.testCase.ContactsPageTest" name="@AfterMethod tearDown" time="-1.609102992324E9">
    <skipped/>
  </testcase> <!-- @AfterMethod tearDown -->
  <testcase classname="com.qa.testCase.ContactsPageTest" name="@BeforeMethod setUp" time="-1.609102992325E9">
    <skipped/>
  </testcase> <!-- @BeforeMethod setUp -->
  <testcase classname="com.qa.testCase.ContactsPageTest" name="@AfterMethod tearDown" time="-1.609102992329E9">
    <skipped/>
  </testcase> <!-- @AfterMethod tearDown -->
  <testcase classname="com.qa.testCase.ContactsPageTest" name="@BeforeMethod setUp" time="-1.60910299233E9">
    <skipped/>
  </testcase> <!-- @BeforeMethod setUp -->
  <testcase classname="com.qa.testCase.ContactsPageTest" name="@AfterMethod tearDown" time="-1.609102992337E9">
    <skipped/>
  </testcase> <!-- @AfterMethod tearDown -->
  <testcase classname="com.qa.testCase.ContactsPageTest" name="@BeforeMethod setUp" time="-1.609102992338E9">
    <skipped/>
  </testcase> <!-- @BeforeMethod setUp -->
  <testcase classname="com.qa.testCase.ContactsPageTest" name="@AfterMethod tearDown" time="-1.609102992342E9">
    <skipped/>
  </testcase> <!-- @AfterMethod tearDown -->
  <testcase classname="com.qa.testCase.LoginPageTest" name="verifyTheLoginPageTest" time="0.024"/>
  <testcase classname="com.qa.testCase.LoginPageTest" name="LoginTest" time="0.618"/>
  <testcase classname="com.qa.testCase.LoginPageTest" name="LoginTest" time="0.39"/>
  <testcase classname="com.qa.testCase.LoginPageTest" name="LoginTest" time="0.67"/>
  <testcase classname="com.qa.testCase.LoginPageTest" name="LoginTest" time="0.552"/>
  <testcase classname="com.qa.testCase.LoginPageTest" name="LoginTest" time="0.561"/>
  <testcase classname="com.qa.testCase.LoginPageTest" name="ClickOnForgetPasswordLinkTest" time="1.224"/>
  <testcase classname="com.qa.testCase.LoginPageTest" name="ClickOnClassicCRMPageTest" time="1.464"/>
  <testcase classname="com.qa.testCase.HomePageTest" name="ContactsPageTest" time="1.741"/>
  <testcase classname="com.qa.testCase.HomePageTest" name="DealsPageTest" time="1.523"/>
  <testcase classname="com.qa.testCase.HomePageTest" name="FormsPageTest" time="2.095"/>
  <testcase classname="com.qa.testCase.HomePageTest" name="verifyTheHomePageTest" time="0.809"/>
  <testcase classname="com.qa.testCase.ContactsPageTest" name="newContactsDetailsTest" time="0.0">
    <skipped/>
  </testcase> <!-- newContactsDetailsTest -->
  <testcase classname="com.qa.testCase.ContactsPageTest" name="newContactsDetailsTest" time="0.0">
    <skipped/>
  </testcase> <!-- newContactsDetailsTest -->
  <testcase classname="com.qa.testCase.ContactsPageTest" name="newContactsDetailsTest" time="0.0">
    <skipped/>
  </testcase> <!-- newContactsDetailsTest -->
  <testcase classname="com.qa.testCase.ContactsPageTest" name="newContactsDetailsTest" time="0.0">
    <skipped/>
  </testcase> <!-- newContactsDetailsTest -->
  <testcase classname="com.qa.testCase.ContactsPageTest" name="newContactsDetailsTest" time="0.0">
    <skipped/>
  </testcase> <!-- newContactsDetailsTest -->
  <testcase classname="com.qa.testCase.ContactsPageTest" name="verifyTheContactPageTest" time="0.0">
    <skipped/>
  </testcase> <!-- verifyTheContactPageTest -->
  <testcase classname="com.qa.testCase.ContactsPageTest" name="verifyTheSavedDetailsTest" time="0.0">
    <skipped/>
  </testcase> <!-- verifyTheSavedDetailsTest -->
</testsuite> <!-- Free CRM App Test Cases -->
